{
  "RSpec": {
    "coverage": {
      "/home/wonder/projects/compras/spec/features/adicionar_produto_carrinho_spec.rb": [
        1,
        null,
        1,
        4,
        4,
        4,
        null,
        null,
        1,
        3,
        null,
        null,
        1,
        1,
        1,
        1,
        1,
        1,
        null,
        null,
        1,
        1,
        1,
        1,
        1,
        1,
        1,
        null,
        null,
        1,
        1,
        1,
        1,
        1,
        1,
        1,
        1,
        null,
        null,
        1,
        3,
        3,
        3,
        3,
        3,
        3,
        null,
        null,
        null
      ],
      "/home/wonder/projects/compras/spec/rails_helper.rb": [
        null,
        1,
        1,
        null,
        1,
        1,
        1,
        1,
        null,
        1,
        1,
        null,
        1,
        null,
        null,
        1,
        1,
        1,
        null,
        1,
        null,
        null,
        null,
        1,
        1,
        null,
        null,
        null,
        null,
        null,
        null,
        null,
        null,
        null,
        null,
        null,
        null,
        null,
        null,
        null,
        null,
        null,
        null,
        null,
        null,
        1,
        null,
        1,
        null,
        1,
        null,
        null,
        1,
        null,
        null,
        null,
        null,
        1,
        null,
        null,
        null,
        null,
        null,
        null,
        null,
        null,
        null,
        null,
        null,
        null,
        null,
        null,
        1,
        null,
        null,
        1,
        null,
        null,
        null
      ],
      "/home/wonder/projects/compras/config/environment.rb": [
        null,
        1,
        null,
        null,
        1
      ],
      "/home/wonder/projects/compras/config/application.rb": [
        1,
        null,
        1,
        null,
        null,
        null,
        1,
        null,
        1,
        1,
        null,
        null,
        null,
        1,
        null,
        null,
        null,
        null,
        1,
        1,
        null,
        null
      ],
      "/home/wonder/projects/compras/config/boot.rb": [
        1,
        null,
        1
      ],
      "/home/wonder/projects/compras/config/environments/test.rb": [
        1,
        null,
        null,
        null,
        null,
        null,
        null,
        1,
        null,
        null,
        null,
        null,
        1,
        null,
        null,
        1,
        1,
        null,
        null,
        null,
        null,
        1,
        1,
        null,
        null,
        1,
        null,
        null,
        1,
        1,
        null,
        null,
        null,
        null,
        1,
        null,
        null,
        1,
        null,
        null,
        null,
        null
      ],
      "/home/wonder/projects/compras/config/initializers/application_controller_renderer.rb": [
        null,
        null,
        null,
        null,
        null,
        null
      ],
      "/home/wonder/projects/compras/config/initializers/assets.rb": [
        null,
        null,
        null,
        1,
        null,
        null,
        null,
        null,
        null,
        null,
        null
      ],
      "/home/wonder/projects/compras/config/initializers/backtrace_silencers.rb": [
        null,
        null,
        null,
        null,
        null,
        null,
        null
      ],
      "/home/wonder/projects/compras/config/initializers/cookies_serializer.rb": [
        null,
        null,
        null,
        null,
        1
      ],
      "/home/wonder/projects/compras/config/initializers/devise.rb": [
        null,
        null,
        1,
        null,
        null,
        null,
        null,
        null,
        null,
        null,
        null,
        null,
        null,
        null,
        1,
        null,
        null,
        null,
        null,
        null,
        null,
        null,
        null,
        null,
        null,
        null,
        1,
        null,
        null,
        null,
        null,
        null,
        null,
        null,
        null,
        null,
        null,
        null,
        null,
        null,
        null,
        null,
        null,
        null,
        null,
        null,
        null,
        null,
        1,
        null,
        null,
        null,
        null,
        1,
        null,
        null,
        null,
        null,
        null,
        null,
        null,
        null,
        null,
        null,
        null,
        null,
        null,
        null,
        null,
        null,
        null,
        null,
        null,
        null,
        null,
        null,
        null,
        null,
        null,
        null,
        null,
        null,
        null,
        null,
        1,
        null,
        null,
        null,
        null,
        null,
        null,
        null,
        null,
        null,
        null,
        null,
        null,
        null,
        null,
        null,
        null,
        null,
        null,
        null,
        null,
        null,
        null,
        1,
        null,
        null,
        null,
        null,
        null,
        null,
        null,
        null,
        null,
        null,
        null,
        null,
        null,
        null,
        null,
        null,
        null,
        null,
        null,
        null,
        null,
        null,
        null,
        null,
        null,
        null,
        null,
        1,
        null,
        null,
        null,
        null,
        null,
        null,
        null,
        null,
        null,
        1,
        null,
        null,
        null,
        null,
        null,
        null,
        null,
        null,
        null,
        null,
        1,
        null,
        null,
        null,
        null,
        1,
        null,
        null,
        null,
        null,
        null,
        null,
        null,
        null,
        null,
        null,
        null,
        null,
        null,
        null,
        null,
        null,
        null,
        null,
        null,
        null,
        null,
        null,
        null,
        null,
        null,
        null,
        null,
        null,
        null,
        null,
        null,
        null,
        null,
        null,
        null,
        null,
        null,
        null,
        null,
        null,
        1,
        null,
        null,
        null,
        null,
        null,
        null,
        null,
        null,
        null,
        null,
        null,
        null,
        null,
        null,
        null,
        null,
        null,
        null,
        null,
        null,
        null,
        null,
        null,
        null,
        null,
        null,
        null,
        null,
        null,
        null,
        null,
        null,
        null,
        null,
        null,
        null,
        null,
        null,
        null,
        null,
        null,
        1,
        null,
        null,
        null,
        null,
        null,
        null,
        null,
        null,
        null,
        null,
        null,
        null,
        null,
        null,
        null,
        null,
        null,
        null,
        null,
        null,
        null,
        null,
        null,
        null,
        null,
        null,
        null,
        null,
        null
      ],
      "/home/wonder/projects/compras/config/initializers/filter_parameter_logging.rb": [
        null,
        null,
        null,
        1
      ],
      "/home/wonder/projects/compras/config/initializers/inflections.rb": [
        null,
        null,
        null,
        null,
        null,
        null,
        null,
        null,
        null,
        null,
        null,
        null,
        null,
        1,
        1,
        1,
        1,
        1,
        1,
        1,
        1,
        1,
        1,
        1,
        1,
        1,
        1,
        null
      ],
      "/home/wonder/projects/compras/config/initializers/mime_types.rb": [
        null,
        null,
        null,
        null
      ],
      "/home/wonder/projects/compras/config/initializers/new_framework_defaults.rb": [
        null,
        null,
        null,
        null,
        null,
        null,
        null,
        1,
        null,
        null,
        1,
        null,
        null,
        null,
        1,
        null,
        null,
        1,
        null,
        null,
        1,
        null,
        null,
        1
      ],
      "/home/wonder/projects/compras/config/initializers/session_store.rb": [
        null,
        null,
        1
      ],
      "/home/wonder/projects/compras/config/initializers/simple_form.rb": [
        null,
        1,
        null,
        null,
        null,
        null,
        null,
        1,
        null,
        null,
        null,
        null,
        null,
        null,
        null,
        null,
        null,
        1,
        null,
        null,
        null,
        1,
        null,
        null,
        null,
        null,
        null,
        null,
        null,
        null,
        null,
        1,
        null,
        null,
        1,
        null,
        null,
        1,
        null,
        null,
        1,
        null,
        null,
        1,
        null,
        null,
        1,
        1,
        1,
        null,
        null,
        null,
        null,
        null,
        null,
        null,
        null,
        null,
        1,
        null,
        null,
        null,
        null,
        null,
        1,
        null,
        null,
        1,
        null,
        null,
        null,
        null,
        null,
        null,
        null,
        1,
        null,
        null,
        1,
        null,
        null,
        null,
        null,
        null,
        null,
        null,
        null,
        null,
        null,
        null,
        null,
        null,
        null,
        null,
        null,
        null,
        null,
        null,
        null,
        null,
        null,
        null,
        null,
        null,
        null,
        null,
        null,
        null,
        null,
        null,
        null,
        null,
        null,
        null,
        null,
        null,
        null,
        null,
        null,
        null,
        null,
        null,
        null,
        1,
        null,
        null,
        null,
        null,
        null,
        null,
        null,
        null,
        null,
        null,
        null,
        null,
        null,
        null,
        null,
        null,
        null,
        null,
        null,
        null,
        null,
        null,
        null,
        null,
        null,
        null,
        null,
        null,
        null,
        null,
        null,
        null,
        null,
        null,
        null,
        null,
        1,
        null,
        null,
        null,
        null,
        null,
        null,
        null,
        null
      ],
      "/home/wonder/projects/compras/config/initializers/simple_form_bootstrap.rb": [
        null,
        1,
        1,
        1,
        1,
        null,
        1,
        1,
        1,
        1,
        1,
        1,
        1,
        1,
        1,
        null,
        1,
        1,
        1,
        null,
        null,
        1,
        1,
        1,
        1,
        1,
        1,
        1,
        null,
        1,
        1,
        1,
        null,
        null,
        1,
        1,
        1,
        null,
        1,
        1,
        null,
        null,
        1,
        1,
        null,
        null,
        1,
        1,
        1,
        1,
        1,
        1,
        1,
        null,
        null,
        1,
        1,
        1,
        1,
        1,
        1,
        1,
        1,
        1,
        null,
        1,
        1,
        1,
        1,
        null,
        null,
        null,
        1,
        1,
        1,
        1,
        1,
        1,
        1,
        null,
        1,
        1,
        1,
        1,
        null,
        null,
        null,
        1,
        1,
        1,
        null,
        1,
        1,
        1,
        null,
        null,
        1,
        1,
        null,
        null,
        null,
        1,
        1,
        1,
        null,
        1,
        null,
        1,
        1,
        1,
        1,
        null,
        null,
        null,
        1,
        1,
        1,
        1,
        1,
        1,
        1,
        1,
        1,
        null,
        1,
        1,
        1,
        null,
        null,
        1,
        1,
        1,
        1,
        1,
        1,
        1,
        1,
        null,
        null,
        null,
        null,
        null,
        null,
        1,
        1,
        null,
        null,
        null,
        null,
        null,
        null,
        null,
        null,
        null
      ],
      "/home/wonder/projects/compras/config/initializers/wrap_parameters.rb": [
        null,
        null,
        null,
        null,
        null,
        null,
        1,
        2,
        null,
        null,
        null,
        null,
        null,
        null
      ],
      "/home/wonder/projects/compras/spec/factories/carrinhos.rb": [
        1,
        1,
        1,
        null,
        null
      ],
      "/home/wonder/projects/compras/spec/factories/categorias.rb": [
        1,
        1,
        1,
        null,
        null
      ],
      "/home/wonder/projects/compras/spec/factories/comentarios.rb": [
        1,
        1,
        1,
        null,
        null
      ],
      "/home/wonder/projects/compras/spec/factories/enderecos.rb": [
        1,
        1,
        1,
        1,
        1,
        1,
        1,
        1,
        1,
        1,
        1,
        null,
        null
      ],
      "/home/wonder/projects/compras/spec/factories/imagens.rb": [
        1,
        1,
        1,
        29,
        null,
        null
      ],
      "/home/wonder/projects/compras/spec/factories/itens_carrinho.rb": [
        1,
        1,
        1,
        1,
        1,
        null,
        null
      ],
      "/home/wonder/projects/compras/spec/factories/itens_pedido.rb": [
        1,
        1,
        null,
        null,
        null
      ],
      "/home/wonder/projects/compras/spec/factories/marcas.rb": [
        1,
        1,
        1,
        null,
        null
      ],
      "/home/wonder/projects/compras/spec/factories/municipios.rb": [
        1,
        1,
        1,
        1,
        null,
        null
      ],
      "/home/wonder/projects/compras/spec/factories/pedidos.rb": [
        1,
        1,
        null,
        null,
        null
      ],
      "/home/wonder/projects/compras/spec/factories/produtos.rb": [
        1,
        1,
        1,
        1,
        1,
        1,
        null,
        null
      ],
      "/home/wonder/projects/compras/spec/factories/unidades_federativas.rb": [
        1,
        1,
        1,
        1,
        null,
        null
      ],
      "/home/wonder/projects/compras/spec/factories/users.rb": [
        1,
        1,
        1,
        1,
        1,
        1,
        1,
        1,
        null,
        null
      ],
      "/home/wonder/projects/compras/config/routes.rb": [
        1,
        null,
        null,
        1,
        1,
        null,
        1,
        1,
        1,
        1,
        1,
        null,
        null,
        null,
        1,
        null,
        1,
        null,
        null,
        1,
        1,
        null,
        null,
        1,
        null,
        1,
        null,
        1,
        1,
        1,
        1,
        null,
        null,
        null,
        1,
        null,
        null
      ],
      "/home/wonder/projects/compras/app/models/user.rb": [
        1,
        1,
        null,
        null,
        null,
        1,
        1,
        1,
        null,
        null,
        1,
        1,
        1,
        1,
        null
      ],
      "/home/wonder/projects/compras/app/models/application_record.rb": [
        1,
        1,
        null
      ],
      "/home/wonder/projects/compras/app/helpers/application_helper.rb": [
        1,
        null,
        null
      ],
      "/home/wonder/projects/compras/app/helpers/carrinhos_helper.rb": [
        1,
        null
      ],
      "/home/wonder/projects/compras/app/helpers/categorias_helper.rb": [
        1,
        null
      ],
      "/home/wonder/projects/compras/app/helpers/comentarios_helper.rb": [
        1,
        null
      ],
      "/home/wonder/projects/compras/app/helpers/enderecos_helper.rb": [
        1,
        1,
        3,
        null,
        null
      ],
      "/home/wonder/projects/compras/app/helpers/galeria_helper.rb": [
        1,
        null
      ],
      "/home/wonder/projects/compras/app/helpers/imagens_helper.rb": [
        1,
        null
      ],
      "/home/wonder/projects/compras/app/helpers/itens_carrinho_helper.rb": [
        1,
        null
      ],
      "/home/wonder/projects/compras/app/helpers/itens_pedido_helper.rb": [
        1,
        null
      ],
      "/home/wonder/projects/compras/app/helpers/marcas_helper.rb": [
        1,
        null
      ],
      "/home/wonder/projects/compras/app/helpers/pedidos_helper.rb": [
        1,
        null
      ],
      "/home/wonder/projects/compras/app/helpers/produtos_helper.rb": [
        1,
        null
      ],
      "/home/wonder/projects/compras/spec/features/efetuar_login_spec.rb": [
        1,
        null,
        1,
        null,
        1,
        1,
        1,
        1,
        1,
        1,
        1,
        1,
        null,
        1,
        1,
        null,
        null,
        null
      ],
      "/home/wonder/projects/compras/spec/features/filtrando_produtos_spec.rb": [
        1,
        null,
        1,
        3,
        3,
        3,
        3,
        null,
        1,
        2,
        null,
        null,
        1,
        1,
        1,
        1,
        null,
        null,
        1,
        1,
        1,
        null,
        null
      ],
      "/home/wonder/projects/compras/spec/features/gerenciando_categorias_spec.rb": [
        1,
        null,
        1,
        null,
        6,
        6,
        null,
        1,
        5,
        null,
        null,
        1,
        1,
        1,
        1,
        null,
        null,
        1,
        1,
        1,
        1,
        1,
        null,
        null,
        1,
        1,
        1,
        1,
        1,
        null,
        null,
        1,
        1,
        1,
        1,
        null,
        null,
        1,
        1,
        1,
        null,
        null
      ],
      "/home/wonder/projects/compras/spec/features/gerenciando_comentarios_spec.rb": [
        1,
        null,
        1,
        2,
        2,
        2,
        null,
        1,
        1,
        null,
        null,
        1,
        1,
        1,
        1,
        1,
        1,
        1,
        1,
        null,
        null
      ],
      "/home/wonder/projects/compras/spec/features/gerenciando_produtos_spec.rb": [
        1,
        null,
        1,
        4,
        4,
        4,
        4,
        4,
        null,
        1,
        3,
        null,
        null,
        1,
        null,
        null,
        null,
        null,
        null,
        null,
        null,
        null,
        1,
        1,
        1,
        null,
        1,
        1,
        null,
        null,
        1,
        1,
        1,
        null,
        1,
        1,
        null,
        null
      ],
      "/home/wonder/projects/compras/spec/features/ordenando_produtos_spec.rb": [
        1,
        null,
        1,
        null,
        3,
        3,
        3,
        3,
        null,
        1,
        1,
        1,
        1,
        1,
        null,
        null,
        null,
        1,
        1,
        1,
        1,
        1,
        null,
        null,
        null
      ],
      "/home/wonder/projects/compras/spec/features/permissoes_spec.rb": [
        1,
        null,
        1,
        3,
        3,
        3,
        null,
        1,
        1,
        null,
        1,
        null,
        1,
        null,
        null,
        1,
        1,
        null,
        1,
        null,
        1,
        null,
        null
      ],
      "/home/wonder/projects/compras/spec/features/pesquisa_produtos_galeria_spec.rb": [
        1,
        null,
        1,
        null,
        2,
        2,
        null,
        1,
        1,
        null,
        1,
        null,
        1,
        null,
        1,
        1,
        1,
        null,
        null,
        null,
        null
      ],
      "/home/wonder/projects/compras/spec/features/realizando_pedido_spec.rb": [
        1,
        null,
        1,
        4,
        4,
        4,
        4,
        4,
        4,
        4,
        4,
        null,
        1,
        3,
        null,
        null,
        1,
        1,
        1,
        1,
        null,
        1,
        1,
        1,
        null,
        null,
        1,
        1,
        1,
        1,
        null,
        null,
        1,
        1,
        1,
        1,
        1,
        1,
        1,
        1,
        1,
        null,
        null,
        null
      ],
      "/home/wonder/projects/compras/spec/features/vizualizando_carrinho_spec.rb": [
        1,
        null,
        1,
        null,
        3,
        3,
        3,
        3,
        3,
        null,
        1,
        2,
        null,
        null,
        1,
        1,
        1,
        1,
        1,
        1,
        null,
        null,
        1,
        1,
        1,
        1,
        1,
        null,
        null,
        null
      ],
      "/home/wonder/projects/compras/spec/features/vizualizando_galeria_spec.rb": [
        1,
        null,
        1,
        null,
        5,
        1,
        5,
        5,
        5,
        null,
        1,
        1,
        1,
        1,
        null,
        null,
        1,
        1,
        1,
        1,
        null,
        null,
        1,
        1,
        1,
        null,
        null,
        1,
        1,
        1,
        1,
        null,
        null
      ],
      "/home/wonder/projects/compras/spec/features/vizualizando_produto_spec.rb": [
        1,
        null,
        1,
        4,
        4,
        4,
        4,
        null,
        1,
        3,
        null,
        null,
        1,
        1,
        1,
        1,
        null,
        null,
        1,
        1,
        1,
        1,
        1,
        null,
        null,
        1,
        1,
        1,
        1,
        1,
        null,
        null
      ],
      "/home/wonder/projects/compras/spec/models/carrinho_spec.rb": [
        1,
        null,
        1,
        1,
        1,
        1,
        1,
        null,
        null,
        null
      ],
      "/home/wonder/projects/compras/app/models/carrinho.rb": [
        1,
        1,
        1,
        null
      ],
      "/home/wonder/projects/compras/spec/models/categoria_spec.rb": [
        1,
        null,
        1,
        1,
        1,
        1,
        null,
        null,
        1,
        1,
        null,
        null,
        1,
        1,
        null,
        null,
        null,
        1,
        1,
        1,
        1,
        null,
        null,
        null
      ],
      "/home/wonder/projects/compras/app/models/categoria.rb": [
        1,
        1,
        1,
        1,
        null,
        1,
        3,
        null,
        null
      ],
      "/home/wonder/projects/compras/spec/models/comentario_spec.rb": [
        1,
        null,
        1,
        1,
        1,
        1,
        null,
        null,
        null
      ],
      "/home/wonder/projects/compras/app/models/comentario.rb": [
        1,
        1,
        1,
        null,
        1,
        null
      ],
      "/home/wonder/projects/compras/spec/models/endereco_spec.rb": [
        1,
        null,
        1,
        1,
        1,
        1,
        1,
        1,
        1,
        1,
        null,
        1,
        1,
        1,
        null,
        null,
        null
      ],
      "/home/wonder/projects/compras/app/models/endereco.rb": [
        1,
        1,
        1,
        1,
        1,
        null,
        1,
        null
      ],
      "/home/wonder/projects/compras/spec/models/imagem_spec.rb": [
        1,
        null,
        1,
        1,
        null,
        1,
        1,
        null,
        null,
        1,
        1,
        null,
        null,
        null
      ],
      "/home/wonder/projects/compras/app/models/imagem.rb": [
        1,
        1,
        1,
        1,
        1,
        null
      ],
      "/home/wonder/projects/compras/spec/models/item_carrinho_spec.rb": [
        1,
        null,
        1,
        1,
        1,
        1,
        null,
        null,
        1,
        1,
        1,
        null,
        null,
        null
      ],
      "/home/wonder/projects/compras/app/models/item_carrinho.rb": [
        1,
        1,
        1,
        1,
        1,
        null
      ],
      "/home/wonder/projects/compras/spec/models/item_pedido_spec.rb": [
        1,
        null,
        1,
        1,
        1,
        1,
        1,
        1,
        null,
        null,
        1,
        1,
        1,
        null,
        null,
        null,
        1,
        1,
        1,
        1,
        1,
        1,
        null,
        null,
        1,
        1,
        1,
        1,
        1,
        null,
        null,
        null,
        null,
        null
      ],
      "/home/wonder/projects/compras/app/models/item_pedido.rb": [
        1,
        1,
        1,
        1,
        null,
        1,
        3,
        3,
        null,
        null
      ],
      "/home/wonder/projects/compras/spec/models/marca_spec.rb": [
        1,
        null,
        1,
        1,
        1,
        1,
        null,
        null,
        1,
        1,
        null,
        null,
        1,
        1,
        null,
        null,
        null,
        1,
        1,
        1,
        1,
        null,
        null,
        null
      ],
      "/home/wonder/projects/compras/app/models/marca.rb": [
        1,
        1,
        1,
        1,
        null,
        1,
        2,
        null,
        null
      ],
      "/home/wonder/projects/compras/spec/models/municipio_spec.rb": [
        1,
        null,
        1,
        1,
        1,
        1,
        null,
        1,
        1,
        1,
        null,
        null,
        null
      ],
      "/home/wonder/projects/compras/app/models/municipio.rb": [
        1,
        1,
        1,
        null,
        1,
        null,
        1,
        4,
        null,
        null,
        null,
        null
      ],
      "/home/wonder/projects/compras/spec/models/pedido_spec.rb": [
        1,
        null,
        1,
        1,
        1,
        1,
        null,
        null,
        1,
        1,
        1,
        null,
        null,
        null
      ],
      "/home/wonder/projects/compras/app/models/pedido.rb": [
        1,
        1,
        1,
        1,
        1,
        null
      ],
      "/home/wonder/projects/compras/spec/models/produto_spec.rb": [
        1,
        null,
        1,
        1,
        1,
        1,
        1,
        1,
        null,
        null,
        1,
        1,
        1,
        1,
        1,
        1,
        null,
        null,
        1,
        1,
        null,
        null,
        null
      ],
      "/home/wonder/projects/compras/app/models/produto.rb": [
        1,
        1,
        1,
        1,
        1,
        1,
        1,
        1,
        1,
        1,
        1,
        null
      ],
      "/home/wonder/projects/compras/spec/models/unidade_federativa_spec.rb": [
        1,
        null,
        1,
        1,
        1,
        1,
        1,
        null,
        null,
        1,
        1,
        null,
        null,
        null,
        1,
        1,
        1,
        1,
        null,
        null,
        1,
        1,
        1,
        null,
        null,
        null
      ],
      "/home/wonder/projects/compras/app/models/unidade_federativa.rb": [
        1,
        1,
        1,
        null,
        1,
        1,
        null,
        1,
        1,
        null,
        null,
        1,
        4,
        null,
        null
      ],
      "/home/wonder/projects/compras/spec/models/user_spec.rb": [
        1,
        null,
        1,
        1,
        1,
        1,
        1,
        null,
        1,
        1,
        null,
        null,
        null
      ],
      "/home/wonder/projects/compras/spec/requests/imagens_spec.rb": [
        1,
        null,
        1,
        1,
        1,
        1,
        1,
        null,
        null,
        null
      ],
      "/home/wonder/projects/compras/spec/routing/imagens_routing_spec.rb": [
        1,
        null,
        1,
        1,
        null,
        1,
        1,
        null,
        null,
        1,
        1,
        null,
        null,
        1,
        1,
        null,
        null,
        1,
        1,
        null,
        null,
        1,
        1,
        null,
        null,
        1,
        1,
        null,
        null,
        1,
        1,
        null,
        null,
        1,
        1,
        null,
        null,
        null,
        null
      ],
      "/home/wonder/projects/compras/app/controllers/imagens_controller.rb": [
        1,
        1,
        null,
        null,
        null,
        1,
        1,
        null,
        null,
        null,
        null,
        1,
        null,
        null,
        null,
        1,
        0,
        null,
        null,
        null,
        1,
        null,
        null,
        null,
        null,
        1,
        0,
        0,
        null,
        0,
        0,
        0,
        0,
        null,
        0,
        0,
        null,
        null,
        null,
        null,
        null,
        null,
        1,
        0,
        0,
        0,
        0,
        null,
        0,
        0,
        null,
        null,
        null,
        null,
        null,
        null,
        1,
        0,
        null,
        null,
        1,
        null,
        1,
        0,
        null,
        null,
        null,
        1,
        0,
        null,
        null
      ],
      "/home/wonder/projects/compras/app/controllers/application_controller.rb": [
        1,
        1,
        null,
        1,
        1,
        null,
        1,
        null,
        1,
        1,
        null,
        1,
        107,
        107,
        95,
        null,
        12,
        12,
        null,
        null,
        null,
        null,
        1,
        14,
        null,
        null,
        1,
        14,
        14,
        13,
        null,
        14,
        null,
        null,
        1,
        null,
        1,
        null,
        1,
        1,
        1,
        null,
        null,
        1,
        null,
        1,
        5,
        5,
        null,
        null
      ],
      "/home/wonder/projects/compras/app/utility/controller_responder.rb": [
        1,
        null,
        1,
        0,
        0,
        0,
        0,
        null,
        null,
        null,
        null
      ],
      "/home/wonder/projects/compras/app/controllers/galeria_controller.rb": [
        1,
        1,
        null,
        1,
        28,
        28,
        28,
        null,
        28,
        0,
        null,
        28,
        null,
        null,
        28,
        0,
        0,
        null,
        null,
        28,
        0,
        0,
        null,
        null,
        null,
        1,
        28,
        null,
        null,
        1,
        28,
        null,
        null
      ],
      "/home/wonder/projects/compras/app/controllers/carrinhos_controller.rb": [
        1,
        1,
        1,
        null,
        1,
        11,
        0,
        0,
        null,
        null,
        null,
        1,
        6,
        6,
        3,
        3,
        3,
        null,
        3,
        3,
        null,
        null,
        null,
        1,
        0,
        null,
        null,
        null
      ],
      "/home/wonder/projects/compras/app/controllers/categorias_controller.rb": [
        1,
        1,
        1,
        null,
        null,
        null,
        1,
        4,
        4,
        null,
        null,
        null,
        null,
        1,
        3,
        null,
        null,
        null,
        1,
        1,
        1,
        null,
        null,
        null,
        1,
        1,
        null,
        null,
        null,
        null,
        1,
        null,
        1,
        null,
        1,
        1,
        2,
        1,
        null,
        0,
        0,
        null,
        null,
        1,
        null,
        null,
        null,
        null,
        1,
        1,
        1,
        2,
        1,
        null,
        0,
        0,
        null,
        null,
        1,
        null,
        null,
        null,
        null,
        1,
        1,
        1,
        2,
        1,
        null,
        1,
        null,
        null,
        1,
        null,
        1,
        6,
        null,
        null,
        null,
        1,
        2,
        null,
        null
      ],
      "/home/wonder/projects/compras/app/policies/categoria_policy.rb": [
        1,
        null,
        1,
        1,
        null,
        null,
        1,
        1,
        null,
        null,
        1,
        1,
        null,
        null,
        1,
        1,
        null,
        null,
        1,
        1,
        null,
        null,
        1,
        3,
        null,
        null,
        1,
        4,
        null,
        null,
        1,
        1,
        12,
        null,
        null,
        null
      ],
      "/home/wonder/projects/compras/app/policies/application_policy.rb": [
        1,
        1,
        null,
        1,
        17,
        17,
        null,
        null,
        1,
        0,
        null,
        null,
        1,
        0,
        null,
        null,
        1,
        0,
        null,
        null,
        1,
        0,
        null,
        null,
        1,
        0,
        null,
        null,
        1,
        0,
        null,
        null,
        1,
        0,
        null,
        null,
        1,
        0,
        null,
        null,
        1,
        1,
        null,
        1,
        12,
        12,
        null,
        null,
        1,
        0,
        null,
        null,
        null
      ],
      "/home/wonder/projects/compras/app/controllers/produtos_controller.rb": [
        1,
        1,
        1,
        null,
        null,
        null,
        1,
        2,
        2,
        null,
        null,
        null,
        null,
        1,
        null,
        null,
        null,
        1,
        0,
        0,
        null,
        null,
        null,
        1,
        1,
        null,
        null,
        null,
        null,
        1,
        0,
        null,
        0,
        0,
        0,
        0,
        null,
        0,
        0,
        null,
        null,
        0,
        null,
        null,
        null,
        null,
        1,
        1,
        1,
        2,
        1,
        null,
        0,
        0,
        null,
        null,
        1,
        null,
        null,
        null,
        null,
        1,
        1,
        1,
        2,
        1,
        null,
        1,
        null,
        null,
        1,
        null,
        1,
        10,
        null,
        null,
        null,
        1,
        1,
        null,
        null
      ],
      "/home/wonder/projects/compras/app/controllers/comentarios_controller.rb": [
        1,
        1,
        1,
        1,
        null,
        null,
        null,
        1,
        null,
        null,
        null,
        null,
        null,
        1,
        null,
        null,
        null,
        1,
        1,
        null,
        null,
        null,
        1,
        null,
        null,
        null,
        null,
        1,
        1,
        1,
        null,
        1,
        1,
        2,
        1,
        1,
        null,
        0,
        0,
        null,
        null,
        null,
        null,
        null,
        null,
        1,
        null,
        null,
        null,
        null,
        null,
        null,
        null,
        null,
        null,
        null,
        null,
        null,
        null,
        1,
        1,
        1,
        1,
        2,
        1,
        null,
        null,
        null,
        1,
        1,
        3,
        null,
        null,
        null,
        1,
        1,
        null,
        null,
        null,
        1,
        1,
        null,
        null,
        null
      ],
      "/home/wonder/projects/compras/app/policies/produto_policy.rb": [
        1,
        null,
        1,
        0,
        null,
        null,
        1,
        0,
        null,
        null,
        1,
        1,
        null,
        null,
        1,
        1,
        null,
        null,
        1,
        1,
        null,
        null,
        1,
        2,
        null,
        null,
        1,
        1,
        0,
        null,
        null,
        null
      ],
      "/home/wonder/projects/compras/app/controllers/enderecos_controller.rb": [
        1,
        1,
        1,
        null,
        null,
        1,
        0,
        null,
        null,
        null,
        null,
        1,
        null,
        null,
        1,
        3,
        null,
        null,
        null,
        1,
        null,
        null,
        null,
        1,
        0,
        0,
        0,
        0,
        null,
        0,
        0,
        null,
        null,
        null,
        null,
        null,
        1,
        0,
        0,
        0,
        0,
        null,
        0,
        0,
        null,
        null,
        null,
        null,
        null,
        null,
        1,
        0,
        0,
        0,
        0,
        null,
        null,
        null,
        1,
        null,
        null,
        1,
        0,
        null,
        null,
        null,
        1,
        0,
        null,
        null
      ],
      "/home/wonder/projects/compras/app/controllers/pedidos_controller.rb": [
        1,
        1,
        1,
        1,
        null,
        1,
        1,
        null,
        null,
        1,
        0,
        0,
        0,
        null,
        0,
        null,
        null,
        0,
        null,
        null,
        null,
        1,
        1,
        1,
        1,
        1,
        null,
        null,
        null,
        null,
        1,
        1,
        null,
        null,
        null,
        null,
        1,
        null,
        null,
        null,
        1,
        0,
        null,
        null,
        null,
        1,
        null,
        null,
        null,
        null,
        1,
        0,
        null,
        0,
        0,
        0,
        0,
        null,
        0,
        0,
        null,
        null,
        null,
        null,
        null,
        null,
        1,
        0,
        0,
        0,
        0,
        null,
        0,
        0,
        null,
        null,
        null,
        null,
        null,
        null,
        1,
        0,
        0,
        0,
        0,
        null,
        null,
        null,
        1,
        null,
        1,
        0,
        null,
        null,
        null,
        1,
        0,
        null,
        null
      ],
      "/home/wonder/projects/compras/app/services/pedido_service.rb": [
        1,
        1,
        null,
        1,
        1,
        1,
        1,
        null,
        null,
        1,
        1,
        1,
        1,
        null,
        null,
        1,
        null,
        1,
        1,
        1,
        1,
        1,
        null,
        null,
        null,
        1,
        1,
        1,
        1,
        1,
        null,
        null,
        null,
        1,
        1,
        1,
        1,
        null,
        1,
        null,
        null,
        null
      ],
      "/home/wonder/projects/compras/app/controllers/itens_carrinho_controller.rb": [
        1,
        1,
        null,
        1,
        1,
        1,
        1,
        null,
        null
      ]
    },
    "timestamp": 1490902901
  }
}
